app/build/intermediates/manifest_merge_blame_file/debug/manifest-merger-blame-debug-report.txt
1<?xml version="1.0" encoding="utf-8"?>
2<manifest xmlns:android="http://schemas.android.com/apk/res/android"
3    package="ddwucom.mobile.sushi_tycoon"
4    android:versionCode="1"
5    android:versionName="1.0" >
6
7    <uses-sdk
8        android:minSdkVersion="26"
8-->src\main\AndroidManifest.xml
9        android:targetSdkVersion="30" />
9-->src\main\AndroidManifest.xml
10
11    <application
11-->src\main\AndroidManifest.xml:5:5-23:19
12        android:allowBackup="true"
12-->src\main\AndroidManifest.xml:6:9-35
13        android:appComponentFactory="androidx.core.app.CoreComponentFactory"
13-->[androidx.core:core:1.5.0-beta01] AndroidManifest.xml:24:18-86
14        android:debuggable="true"
15        android:extractNativeLibs="false"
16        android:icon="@mipmap/ic_launcher"
16-->src\main\AndroidManifest.xml:7:9-43
17        android:label="@string/app_name"
17-->src\main\AndroidManifest.xml:8:9-41
18        android:roundIcon="@mipmap/ic_launcher_round"
18-->src\main\AndroidManifest.xml:9:9-54
19        android:supportsRtl="true"
19-->src\main\AndroidManifest.xml:10:9-35
20        android:testOnly="true"
21        android:theme="@style/Theme.Sushi_Tycoon" >
21-->src\main\AndroidManifest.xml:11:9-50
22        <activity android:name="ddwucom.mobile.sushi_tycoon.IntroActivity" />
22-->src\main\AndroidManifest.xml:12:9-60
22-->src\main\AndroidManifest.xml:12:19-48
23        <activity android:name="ddwucom.mobile.sushi_tycoon.HowToActivity" />
23-->src\main\AndroidManifest.xml:13:9-51
23-->src\main\AndroidManifest.xml:13:19-48
24        <activity android:name="ddwucom.mobile.sushi_tycoon.SplashActivity" >
24-->src\main\AndroidManifest.xml:14:9-20:20
24-->src\main\AndroidManifest.xml:14:19-49
25            <intent-filter>
25-->src\main\AndroidManifest.xml:15:13-19:29
26                <action android:name="android.intent.action.MAIN" />
26-->src\main\AndroidManifest.xml:16:17-69
26-->src\main\AndroidManifest.xml:16:25-66
27
28                <category android:name="android.intent.category.LAUNCHER" />
28-->src\main\AndroidManifest.xml:18:17-77
28-->src\main\AndroidManifest.xml:18:27-74
29            </intent-filter>
30        </activity>
31        <activity android:name="ddwucom.mobile.sushi_tycoon.GameOverActivity" />
31-->src\main\AndroidManifest.xml:21:9-54
31-->src\main\AndroidManifest.xml:21:19-51
32        <activity android:name="ddwucom.mobile.sushi_tycoon.MainActivity" />
32-->src\main\AndroidManifest.xml:22:9-50
32-->src\main\AndroidManifest.xml:22:19-47
33    </application>
34
35</manifest>